<?xml version="1.0" encoding="UTF-8"?>
<!-- Generated by org.testng.reporters.JUnitXMLReporter -->
<testsuite ignored="0" hostname="X-IN-473BJR3" failures="1" tests="3" name="Error Validation Test" time="14.479" errors="0" timestamp="2024-10-23T21:15:59 IST">
  <testcase classname="learning.tests.ErrorValidationsTest" name="LoginErrorValidation" time="0.636">
    <skipped/>
  </testcase> <!-- LoginErrorValidation -->
  <testcase classname="learning.tests.ErrorValidationsTest" name="LoginErrorValidation" time="0.983">
    <failure type="java.lang.AssertionError" message="expected [Incorrect email or password.] but found [Incorrect email password.]">
      <![CDATA[java.lang.AssertionError: expected [Incorrect email or password.] but found [Incorrect email password.]
at learning.tests.ErrorValidationsTest.LoginErrorValidation(ErrorValidationsTest.java:34)
at java.base/java.util.ArrayList.forEach(ArrayList.java:1511)
at java.base/java.util.concurrent.FutureTask.run(FutureTask.java:264)
at java.base/java.util.concurrent.ThreadPoolExecutor.runWorker(ThreadPoolExecutor.java:1136)
at java.base/java.util.concurrent.ThreadPoolExecutor$Worker.run(ThreadPoolExecutor.java:635)
at java.base/java.lang.Thread.run(Thread.java:840)
... Removed 23 stack frames]]>
    </failure>
  </testcase> <!-- LoginErrorValidation -->
  <testcase classname="learning.tests.ErrorValidationsTest" name="ProductErrorValidation" time="2.103"/>
</testsuite> <!-- Error Validation Test -->
